<?xml version="1.0" encoding="UTF-8"?>
<testng-results ignored="0" total="1" passed="1" failed="0" skipped="0">
  <reporter-output>
    <line>
      <![CDATA[open Browser]]>
    </line>
    <line>
      <![CDATA[login]]>
    </line>
    <line>
      <![CDATA[Create Customer]]>
    </line>
    <line>
      <![CDATA[close browser]]>
    </line>
  </reporter-output>
  <suite started-at="2023-06-07T11:26:57 IST" name="Default suite" finished-at="2023-06-07T11:28:39 IST" duration-ms="102137">
    <groups>
    </groups>
    <test started-at="2023-06-07T11:26:57 IST" name="Default test" finished-at="2023-06-07T11:28:39 IST" duration-ms="102137">
      <class name="com.actitime.testscript.CreateCustomer">
        <test-method is-config="true" signature="openBrowser()[pri:0, instance:com.actitime.testscript.CreateCustomer@708f5957]" started-at="2023-06-07T11:26:57 IST" name="openBrowser" finished-at="2023-06-07T11:27:23 IST" duration-ms="25775" status="PASS">
          <reporter-output>
            <line>
              <![CDATA[open Browser]]>
            </line>
          </reporter-output>
        </test-method> <!-- openBrowser -->
        <test-method is-config="true" signature="login()[pri:0, instance:com.actitime.testscript.CreateCustomer@708f5957]" started-at="2023-06-07T11:27:23 IST" name="login" finished-at="2023-06-07T11:27:37 IST" duration-ms="13610" status="PASS">
          <reporter-output>
            <line>
              <![CDATA[login]]>
            </line>
          </reporter-output>
        </test-method> <!-- login -->
        <test-method signature="testCreateCustomer()[pri:0, instance:com.actitime.testscript.CreateCustomer@708f5957]" started-at="2023-06-07T11:27:37 IST" name="testCreateCustomer" finished-at="2023-06-07T11:28:31 IST" duration-ms="54433" status="PASS">
          <reporter-output>
            <line>
              <![CDATA[Create Customer]]>
            </line>
          </reporter-output>
        </test-method> <!-- testCreateCustomer -->
        <test-method is-config="true" signature="logout()[pri:0, instance:com.actitime.testscript.CreateCustomer@708f5957]" started-at="2023-06-07T11:28:31 IST" name="logout" finished-at="2023-06-07T11:28:36 IST" duration-ms="4660" status="PASS">
          <reporter-output>
          </reporter-output>
        </test-method> <!-- logout -->
        <test-method is-config="true" signature="closebrowser()[pri:0, instance:com.actitime.testscript.CreateCustomer@708f5957]" started-at="2023-06-07T11:28:36 IST" name="closebrowser" finished-at="2023-06-07T11:28:39 IST" duration-ms="3433" status="PASS">
          <reporter-output>
            <line>
              <![CDATA[close browser]]>
            </line>
          </reporter-output>
        </test-method> <!-- closebrowser -->
      </class> <!-- com.actitime.testscript.CreateCustomer -->
    </test> <!-- Default test -->
  </suite> <!-- Default suite -->
</testng-results>
